# JRE version: OpenJDK Runtime Environment (11.0.8+10) (build 11.0.8+10-b944.6842174)
# Java VM: OpenJDK 64-Bit Server VM (11.0.8+10-b944.6842174, mixed mode, tiered, compressed oops, g1 gc, windows-amd64)
Heap:
 garbage-first heap   total 385024K, used 144345K [0x0000000703000000, 0x0000000800000000)
  region size 1024K, 58 young (59392K), 13 survivors (13312K)
 Metaspace       used 69781K, capacity 70672K, committed 70912K, reserved 1112064K
  class space    used 7501K, capacity 7824K, committed 7936K, reserved 1048576K
GC Heap History (20 events):
Event: 2.971 GC heap before
{Heap before GC invocations=3 (full 0):
 garbage-first heap   total 260096K, used 75040K [0x0000000703000000, 0x0000000800000000)
  region size 1024K, 59 young (60416K), 7 survivors (7168K)
 Metaspace       used 31013K, capacity 31486K, committed 31744K, reserved 1077248K
  class space    used 3619K, capacity 3776K, committed 3840K, reserved 1048576K
}
Event: 2.991 GC heap after
{Heap after GC invocations=4 (full 0):
 garbage-first heap   total 260096K, used 24518K [0x0000000703000000, 0x0000000800000000)
  region size 1024K, 8 young (8192K), 8 survivors (8192K)
 Metaspace       used 31013K, capacity 31486K, committed 31744K, reserved 1077248K
  class space    used 3619K, capacity 3776K, committed 3840K, reserved 1048576K
}
Event: 3.206 GC heap before
{Heap before GC invocations=4 (full 0):
 garbage-first heap   total 260096K, used 35782K [0x0000000703000000, 0x0000000800000000)
  region size 1024K, 19 young (19456K), 8 survivors (8192K)
 Metaspace       used 33649K, capacity 34183K, committed 34432K, reserved 1079296K
  class space    used 3938K, capacity 4099K, committed 4224K, reserved 1048576K
}
Event: 3.217 GC heap after
{Heap after GC invocations=5 (full 0):
 garbage-first heap   total 260096K, used 26329K [0x0000000703000000, 0x0000000800000000)
  region size 1024K, 2 young (2048K), 2 survivors (2048K)
 Metaspace       used 33649K, capacity 34183K, committed 34432K, reserved 1079296K
  class space    used 3938K, capacity 4099K, committed 4224K, reserved 1048576K
}
Event: 3.385 GC heap before
{Heap before GC invocations=5 (full 0):
 garbage-first heap   total 260096K, used 34521K [0x0000000703000000, 0x0000000800000000)
  region size 1024K, 11 young (11264K), 2 survivors (2048K)
 Metaspace       used 35173K, capacity 35635K, committed 35840K, reserved 1081344K
  class space    used 4096K, capacity 4263K, committed 4352K, reserved 1048576K
}
Event: 3.391 GC heap after
{Heap after GC invocations=6 (full 0):
 garbage-first heap   total 312320K, used 24727K [0x0000000703000000, 0x0000000800000000)
  region size 1024K, 2 young (2048K), 2 survivors (2048K)
 Metaspace       used 35173K, capacity 35635K, committed 35840K, reserved 1081344K
  class space    used 4096K, capacity 4263K, committed 4352K, reserved 1048576K
}
Event: 5.146 GC heap before
{Heap before GC invocations=7 (full 0):
 garbage-first heap   total 312320K, used 113815K [0x0000000703000000, 0x0000000800000000)
  region size 1024K, 86 young (88064K), 2 survivors (2048K)
 Metaspace       used 47614K, capacity 48168K, committed 48256K, reserved 1091584K
  class space    used 5543K, capacity 5725K, committed 5760K, reserved 1048576K
}
Event: 5.158 GC heap after
{Heap after GC invocations=8 (full 0):
 garbage-first heap   total 312320K, used 33891K [0x0000000703000000, 0x0000000800000000)
  region size 1024K, 9 young (9216K), 9 survivors (9216K)
 Metaspace       used 47614K, capacity 48168K, committed 48256K, reserved 1091584K
  class space    used 5543K, capacity 5725K, committed 5760K, reserved 1048576K
}
Event: 7.883 GC heap before
{Heap before GC invocations=8 (full 0):
 garbage-first heap   total 312320K, used 146531K [0x0000000703000000, 0x0000000800000000)
  region size 1024K, 119 young (121856K), 9 survivors (9216K)
 Metaspace       used 54077K, capacity 54733K, committed 55040K, reserved 1097728K
  class space    used 6044K, capacity 6289K, committed 6400K, reserved 1048576K
}
Event: 7.929 GC heap after
{Heap after GC invocations=9 (full 0):
 garbage-first heap   total 312320K, used 53861K [0x0000000703000000, 0x0000000800000000)
  region size 1024K, 15 young (15360K), 15 survivors (15360K)
 Metaspace       used 54077K, capacity 54733K, committed 55040K, reserved 1097728K
  class space    used 6044K, capacity 6289K, committed 6400K, reserved 1048576K
}
Event: 8.110 GC heap before
{Heap before GC invocations=9 (full 0):
 garbage-first heap   total 312320K, used 67173K [0x0000000703000000, 0x0000000800000000)
  region size 1024K, 28 young (28672K), 15 survivors (15360K)
 Metaspace       used 54111K, capacity 54797K, committed 55040K, reserved 1097728K
  class space    used 6044K, capacity 6289K, committed 6400K, reserved 1048576K
}
Event: 8.139 GC heap after
{Heap after GC invocations=10 (full 0):
 garbage-first heap   total 312320K, used 58215K [0x0000000703000000, 0x0000000800000000)
  region size 1024K, 4 young (4096K), 4 survivors (4096K)
 Metaspace       used 54111K, capacity 54797K, committed 55040K, reserved 1097728K
  class space    used 6044K, capacity 6289K, committed 6400K, reserved 1048576K
}
Event: 9.941 GC heap before
{Heap before GC invocations=10 (full 0):
 garbage-first heap   total 312320K, used 157543K [0x0000000703000000, 0x0000000800000000)
  region size 1024K, 100 young (102400K), 4 survivors (4096K)
 Metaspace       used 57562K, capacity 58275K, committed 58368K, reserved 1101824K
  class space    used 6367K, capacity 6632K, committed 6656K, reserved 1048576K
}
Event: 9.965 GC heap after
{Heap after GC invocations=11 (full 0):
 garbage-first heap   total 312320K, used 67215K [0x0000000703000000, 0x0000000800000000)
  region size 1024K, 13 young (13312K), 13 survivors (13312K)
 Metaspace       used 57562K, capacity 58275K, committed 58368K, reserved 1101824K
  class space    used 6367K, capacity 6632K, committed 6656K, reserved 1048576K
}
Event: 11.583 GC heap before
{Heap before GC invocations=11 (full 0):
 garbage-first heap   total 312320K, used 94863K [0x0000000703000000, 0x0000000800000000)
  region size 1024K, 41 young (41984K), 13 survivors (13312K)
 Metaspace       used 59412K, capacity 60050K, committed 60160K, reserved 1103872K
  class space    used 6434K, capacity 6706K, committed 6784K, reserved 1048576K
}
Event: 11.636 GC heap after
{Heap after GC invocations=12 (full 0):
 garbage-first heap   total 385024K, used 72373K [0x0000000703000000, 0x0000000800000000)
  region size 1024K, 6 young (6144K), 6 survivors (6144K)
 Metaspace       used 59412K, capacity 60050K, committed 60160K, reserved 1103872K
  class space    used 6434K, capacity 6706K, committed 6784K, reserved 1048576K
}
Event: 16.349 GC heap before
{Heap before GC invocations=13 (full 0):
 garbage-first heap   total 385024K, used 214709K [0x0000000703000000, 0x0000000800000000)
  region size 1024K, 143 young (146432K), 6 survivors (6144K)
 Metaspace       used 67182K, capacity 67968K, committed 68096K, reserved 1110016K
  class space    used 7348K, capacity 7654K, committed 7680K, reserved 1048576K
}
Event: 16.381 GC heap after
{Heap after GC invocations=14 (full 0):
 garbage-first heap   total 385024K, used 86929K [0x0000000703000000, 0x0000000800000000)
  region size 1024K, 18 young (18432K), 18 survivors (18432K)
 Metaspace       used 67182K, capacity 67968K, committed 68096K, reserved 1110016K
  class space    used 7348K, capacity 7654K, committed 7680K, reserved 1048576K
}
Event: 20.556 GC heap before
{Heap before GC invocations=14 (full 0):
 garbage-first heap   total 385024K, used 250769K [0x0000000703000000, 0x0000000800000000)
  region size 1024K, 178 young (182272K), 18 survivors (18432K)
 Metaspace       used 69046K, capacity 69930K, committed 70016K, reserved 1112064K
  class space    used 7471K, capacity 7791K, committed 7808K, reserved 1048576K
}
Event: 20.606 GC heap after
{Heap after GC invocations=15 (full 0):
 garbage-first heap   total 385024K, used 99289K [0x0000000703000000, 0x0000000800000000)
  region size 1024K, 13 young (13312K), 13 survivors (13312K)
 Metaspace       used 69046K, capacity 69930K, committed 70016K, reserved 1112064K
  class space    used 7471K, capacity 7791K, committed 7808K, reserved 1048576K
}

